-------------------------------------------------------------------------------
Test set: com.example.CalendarManagement.EmployeeControllerIntegrationTest
-------------------------------------------------------------------------------
Tests run: 8, Failures: 0, Errors: 8, Skipped: 0, Time elapsed: 325.958 s <<< FAILURE! - in com.example.CalendarManagement.EmployeeControllerIntegrationTest
testDeleteEmployee  Time elapsed: 0 s  <<< ERROR!
java.lang.IllegalStateException: Failed to load ApplicationContext
Caused by: org.springframework.beans.factory.UnsatisfiedDependencyException: Error creating bean with name 'employeeController': Unsatisfied dependency expressed through field 'service'; nested exception is org.springframework.beans.factory.UnsatisfiedDependencyException: Error creating bean with name 'employeeService': Unsatisfied dependency expressed through field 'meetingStatusRepo'; nested exception is org.springframework.beans.factory.BeanCreationException: Error creating bean with name 'meetingStatusRepo' defined in com.example.CalendarManagement.repository.MeetingStatusRepo defined in @EnableJpaRepositories declared on JpaRepositoriesRegistrar.EnableJpaRepositoriesConfiguration: Invocation of init method failed; nested exception is org.springframework.data.repository.query.QueryCreationException: Could not create query for public abstract java.util.List com.example.CalendarManagement.repository.MeetingStatusRepo.findMeetingDetailsByEmployeeIdAndDateRange(java.lang.Integer,java.time.LocalDate,java.time.LocalDate)! Reason: Validation failed for query for method public abstract java.util.List com.example.CalendarManagement.repository.MeetingStatusRepo.findMeetingDetailsByEmployeeIdAndDateRange(java.lang.Integer,java.time.LocalDate,java.time.LocalDate)!; nested exception is java.lang.IllegalArgumentException: Validation failed for query for method public abstract java.util.List com.example.CalendarManagement.repository.MeetingStatusRepo.findMeetingDetailsByEmployeeIdAndDateRange(java.lang.Integer,java.time.LocalDate,java.time.LocalDate)!
Caused by: org.springframework.beans.factory.UnsatisfiedDependencyException: Error creating bean with name 'employeeService': Unsatisfied dependency expressed through field 'meetingStatusRepo'; nested exception is org.springframework.beans.factory.BeanCreationException: Error creating bean with name 'meetingStatusRepo' defined in com.example.CalendarManagement.repository.MeetingStatusRepo defined in @EnableJpaRepositories declared on JpaRepositoriesRegistrar.EnableJpaRepositoriesConfiguration: Invocation of init method failed; nested exception is org.springframework.data.repository.query.QueryCreationException: Could not create query for public abstract java.util.List com.example.CalendarManagement.repository.MeetingStatusRepo.findMeetingDetailsByEmployeeIdAndDateRange(java.lang.Integer,java.time.LocalDate,java.time.LocalDate)! Reason: Validation failed for query for method public abstract java.util.List com.example.CalendarManagement.repository.MeetingStatusRepo.findMeetingDetailsByEmployeeIdAndDateRange(java.lang.Integer,java.time.LocalDate,java.time.LocalDate)!; nested exception is java.lang.IllegalArgumentException: Validation failed for query for method public abstract java.util.List com.example.CalendarManagement.repository.MeetingStatusRepo.findMeetingDetailsByEmployeeIdAndDateRange(java.lang.Integer,java.time.LocalDate,java.time.LocalDate)!
Caused by: org.springframework.beans.factory.BeanCreationException: Error creating bean with name 'meetingStatusRepo' defined in com.example.CalendarManagement.repository.MeetingStatusRepo defined in @EnableJpaRepositories declared on JpaRepositoriesRegistrar.EnableJpaRepositoriesConfiguration: Invocation of init method failed; nested exception is org.springframework.data.repository.query.QueryCreationException: Could not create query for public abstract java.util.List com.example.CalendarManagement.repository.MeetingStatusRepo.findMeetingDetailsByEmployeeIdAndDateRange(java.lang.Integer,java.time.LocalDate,java.time.LocalDate)! Reason: Validation failed for query for method public abstract java.util.List com.example.CalendarManagement.repository.MeetingStatusRepo.findMeetingDetailsByEmployeeIdAndDateRange(java.lang.Integer,java.time.LocalDate,java.time.LocalDate)!; nested exception is java.lang.IllegalArgumentException: Validation failed for query for method public abstract java.util.List com.example.CalendarManagement.repository.MeetingStatusRepo.findMeetingDetailsByEmployeeIdAndDateRange(java.lang.Integer,java.time.LocalDate,java.time.LocalDate)!
Caused by: org.springframework.data.repository.query.QueryCreationException: Could not create query for public abstract java.util.List com.example.CalendarManagement.repository.MeetingStatusRepo.findMeetingDetailsByEmployeeIdAndDateRange(java.lang.Integer,java.time.LocalDate,java.time.LocalDate)! Reason: Validation failed for query for method public abstract java.util.List com.example.CalendarManagement.repository.MeetingStatusRepo.findMeetingDetailsByEmployeeIdAndDateRange(java.lang.Integer,java.time.LocalDate,java.time.LocalDate)!; nested exception is java.lang.IllegalArgumentException: Validation failed for query for method public abstract java.util.List com.example.CalendarManagement.repository.MeetingStatusRepo.findMeetingDetailsByEmployeeIdAndDateRange(java.lang.Integer,java.time.LocalDate,java.time.LocalDate)!
Caused by: java.lang.IllegalArgumentException: Validation failed for query for method public abstract java.util.List com.example.CalendarManagement.repository.MeetingStatusRepo.findMeetingDetailsByEmployeeIdAndDateRange(java.lang.Integer,java.time.LocalDate,java.time.LocalDate)!
Caused by: java.lang.IllegalArgumentException: org.hibernate.hql.internal.ast.QuerySyntaxException: Unable to locate appropriate constructor on class [com.example.CalendarManagement.DTO.MeetingsDTO]. Expected arguments are: int, java.lang.String, java.lang.String, int, java.time.LocalDate, java.time.LocalTime, java.time.LocalTime, boolean [SELECT new com.example.CalendarManagement.DTO.MeetingsDTO( ms.meeting.id, ms.meeting.description, ms.meeting.agenda, ms.meeting.meetingRoom.roomId, ms.meeting.date, ms.meeting.startTime, ms.meeting.endTime, ms.meeting.isActive) FROM com.example.CalendarManagement.model.MeetingStatusModel ms WHERE ms.employee.id = :employeeId AND ms.meeting.date BETWEEN :fromDate AND :toDate]
Caused by: org.hibernate.hql.internal.ast.QuerySyntaxException: Unable to locate appropriate constructor on class [com.example.CalendarManagement.DTO.MeetingsDTO]. Expected arguments are: int, java.lang.String, java.lang.String, int, java.time.LocalDate, java.time.LocalTime, java.time.LocalTime, boolean [SELECT new com.example.CalendarManagement.DTO.MeetingsDTO( ms.meeting.id, ms.meeting.description, ms.meeting.agenda, ms.meeting.meetingRoom.roomId, ms.meeting.date, ms.meeting.startTime, ms.meeting.endTime, ms.meeting.isActive) FROM com.example.CalendarManagement.model.MeetingStatusModel ms WHERE ms.employee.id = :employeeId AND ms.meeting.date BETWEEN :fromDate AND :toDate]

adEmployee_givenEmptyName_throwsException  Time elapsed: 0 s  <<< ERROR!
java.lang.IllegalStateException: Failed to load ApplicationContext
Caused by: org.springframework.beans.factory.UnsatisfiedDependencyException: Error creating bean with name 'employeeController': Unsatisfied dependency expressed through field 'service'; nested exception is org.springframework.beans.factory.UnsatisfiedDependencyException: Error creating bean with name 'employeeService': Unsatisfied dependency expressed through field 'meetingStatusRepo'; nested exception is org.springframework.beans.factory.BeanCreationException: Error creating bean with name 'meetingStatusRepo' defined in com.example.CalendarManagement.repository.MeetingStatusRepo defined in @EnableJpaRepositories declared on JpaRepositoriesRegistrar.EnableJpaRepositoriesConfiguration: Invocation of init method failed; nested exception is org.springframework.data.repository.query.QueryCreationException: Could not create query for public abstract java.util.List com.example.CalendarManagement.repository.MeetingStatusRepo.findMeetingDetailsByEmployeeIdAndDateRange(java.lang.Integer,java.time.LocalDate,java.time.LocalDate)! Reason: Validation failed for query for method public abstract java.util.List com.example.CalendarManagement.repository.MeetingStatusRepo.findMeetingDetailsByEmployeeIdAndDateRange(java.lang.Integer,java.time.LocalDate,java.time.LocalDate)!; nested exception is java.lang.IllegalArgumentException: Validation failed for query for method public abstract java.util.List com.example.CalendarManagement.repository.MeetingStatusRepo.findMeetingDetailsByEmployeeIdAndDateRange(java.lang.Integer,java.time.LocalDate,java.time.LocalDate)!
Caused by: org.springframework.beans.factory.UnsatisfiedDependencyException: Error creating bean with name 'employeeService': Unsatisfied dependency expressed through field 'meetingStatusRepo'; nested exception is org.springframework.beans.factory.BeanCreationException: Error creating bean with name 'meetingStatusRepo' defined in com.example.CalendarManagement.repository.MeetingStatusRepo defined in @EnableJpaRepositories declared on JpaRepositoriesRegistrar.EnableJpaRepositoriesConfiguration: Invocation of init method failed; nested exception is org.springframework.data.repository.query.QueryCreationException: Could not create query for public abstract java.util.List com.example.CalendarManagement.repository.MeetingStatusRepo.findMeetingDetailsByEmployeeIdAndDateRange(java.lang.Integer,java.time.LocalDate,java.time.LocalDate)! Reason: Validation failed for query for method public abstract java.util.List com.example.CalendarManagement.repository.MeetingStatusRepo.findMeetingDetailsByEmployeeIdAndDateRange(java.lang.Integer,java.time.LocalDate,java.time.LocalDate)!; nested exception is java.lang.IllegalArgumentException: Validation failed for query for method public abstract java.util.List com.example.CalendarManagement.repository.MeetingStatusRepo.findMeetingDetailsByEmployeeIdAndDateRange(java.lang.Integer,java.time.LocalDate,java.time.LocalDate)!
Caused by: org.springframework.beans.factory.BeanCreationException: Error creating bean with name 'meetingStatusRepo' defined in com.example.CalendarManagement.repository.MeetingStatusRepo defined in @EnableJpaRepositories declared on JpaRepositoriesRegistrar.EnableJpaRepositoriesConfiguration: Invocation of init method failed; nested exception is org.springframework.data.repository.query.QueryCreationException: Could not create query for public abstract java.util.List com.example.CalendarManagement.repository.MeetingStatusRepo.findMeetingDetailsByEmployeeIdAndDateRange(java.lang.Integer,java.time.LocalDate,java.time.LocalDate)! Reason: Validation failed for query for method public abstract java.util.List com.example.CalendarManagement.repository.MeetingStatusRepo.findMeetingDetailsByEmployeeIdAndDateRange(java.lang.Integer,java.time.LocalDate,java.time.LocalDate)!; nested exception is java.lang.IllegalArgumentException: Validation failed for query for method public abstract java.util.List com.example.CalendarManagement.repository.MeetingStatusRepo.findMeetingDetailsByEmployeeIdAndDateRange(java.lang.Integer,java.time.LocalDate,java.time.LocalDate)!
Caused by: org.springframework.data.repository.query.QueryCreationException: Could not create query for public abstract java.util.List com.example.CalendarManagement.repository.MeetingStatusRepo.findMeetingDetailsByEmployeeIdAndDateRange(java.lang.Integer,java.time.LocalDate,java.time.LocalDate)! Reason: Validation failed for query for method public abstract java.util.List com.example.CalendarManagement.repository.MeetingStatusRepo.findMeetingDetailsByEmployeeIdAndDateRange(java.lang.Integer,java.time.LocalDate,java.time.LocalDate)!; nested exception is java.lang.IllegalArgumentException: Validation failed for query for method public abstract java.util.List com.example.CalendarManagement.repository.MeetingStatusRepo.findMeetingDetailsByEmployeeIdAndDateRange(java.lang.Integer,java.time.LocalDate,java.time.LocalDate)!
Caused by: java.lang.IllegalArgumentException: Validation failed for query for method public abstract java.util.List com.example.CalendarManagement.repository.MeetingStatusRepo.findMeetingDetailsByEmployeeIdAndDateRange(java.lang.Integer,java.time.LocalDate,java.time.LocalDate)!
Caused by: java.lang.IllegalArgumentException: org.hibernate.hql.internal.ast.QuerySyntaxException: Unable to locate appropriate constructor on class [com.example.CalendarManagement.DTO.MeetingsDTO]. Expected arguments are: int, java.lang.String, java.lang.String, int, java.time.LocalDate, java.time.LocalTime, java.time.LocalTime, boolean [SELECT new com.example.CalendarManagement.DTO.MeetingsDTO( ms.meeting.id, ms.meeting.description, ms.meeting.agenda, ms.meeting.meetingRoom.roomId, ms.meeting.date, ms.meeting.startTime, ms.meeting.endTime, ms.meeting.isActive) FROM com.example.CalendarManagement.model.MeetingStatusModel ms WHERE ms.employee.id = :employeeId AND ms.meeting.date BETWEEN :fromDate AND :toDate]
Caused by: org.hibernate.hql.internal.ast.QuerySyntaxException: Unable to locate appropriate constructor on class [com.example.CalendarManagement.DTO.MeetingsDTO]. Expected arguments are: int, java.lang.String, java.lang.String, int, java.time.LocalDate, java.time.LocalTime, java.time.LocalTime, boolean [SELECT new com.example.CalendarManagement.DTO.MeetingsDTO( ms.meeting.id, ms.meeting.description, ms.meeting.agenda, ms.meeting.meetingRoom.roomId, ms.meeting.date, ms.meeting.startTime, ms.meeting.endTime, ms.meeting.isActive) FROM com.example.CalendarManagement.model.MeetingStatusModel ms WHERE ms.employee.id = :employeeId AND ms.meeting.date BETWEEN :fromDate AND :toDate]

testDeleteEmployeeNotFound  Time elapsed: 0 s  <<< ERROR!
java.lang.IllegalStateException: Failed to load ApplicationContext
Caused by: org.springframework.beans.factory.UnsatisfiedDependencyException: Error creating bean with name 'employeeController': Unsatisfied dependency expressed through field 'service'; nested exception is org.springframework.beans.factory.UnsatisfiedDependencyException: Error creating bean with name 'employeeService': Unsatisfied dependency expressed through field 'meetingStatusRepo'; nested exception is org.springframework.beans.factory.BeanCreationException: Error creating bean with name 'meetingStatusRepo' defined in com.example.CalendarManagement.repository.MeetingStatusRepo defined in @EnableJpaRepositories declared on JpaRepositoriesRegistrar.EnableJpaRepositoriesConfiguration: Invocation of init method failed; nested exception is org.springframework.data.repository.query.QueryCreationException: Could not create query for public abstract java.util.List com.example.CalendarManagement.repository.MeetingStatusRepo.findMeetingDetailsByEmployeeIdAndDateRange(java.lang.Integer,java.time.LocalDate,java.time.LocalDate)! Reason: Validation failed for query for method public abstract java.util.List com.example.CalendarManagement.repository.MeetingStatusRepo.findMeetingDetailsByEmployeeIdAndDateRange(java.lang.Integer,java.time.LocalDate,java.time.LocalDate)!; nested exception is java.lang.IllegalArgumentException: Validation failed for query for method public abstract java.util.List com.example.CalendarManagement.repository.MeetingStatusRepo.findMeetingDetailsByEmployeeIdAndDateRange(java.lang.Integer,java.time.LocalDate,java.time.LocalDate)!
Caused by: org.springframework.beans.factory.UnsatisfiedDependencyException: Error creating bean with name 'employeeService': Unsatisfied dependency expressed through field 'meetingStatusRepo'; nested exception is org.springframework.beans.factory.BeanCreationException: Error creating bean with name 'meetingStatusRepo' defined in com.example.CalendarManagement.repository.MeetingStatusRepo defined in @EnableJpaRepositories declared on JpaRepositoriesRegistrar.EnableJpaRepositoriesConfiguration: Invocation of init method failed; nested exception is org.springframework.data.repository.query.QueryCreationException: Could not create query for public abstract java.util.List com.example.CalendarManagement.repository.MeetingStatusRepo.findMeetingDetailsByEmployeeIdAndDateRange(java.lang.Integer,java.time.LocalDate,java.time.LocalDate)! Reason: Validation failed for query for method public abstract java.util.List com.example.CalendarManagement.repository.MeetingStatusRepo.findMeetingDetailsByEmployeeIdAndDateRange(java.lang.Integer,java.time.LocalDate,java.time.LocalDate)!; nested exception is java.lang.IllegalArgumentException: Validation failed for query for method public abstract java.util.List com.example.CalendarManagement.repository.MeetingStatusRepo.findMeetingDetailsByEmployeeIdAndDateRange(java.lang.Integer,java.time.LocalDate,java.time.LocalDate)!
Caused by: org.springframework.beans.factory.BeanCreationException: Error creating bean with name 'meetingStatusRepo' defined in com.example.CalendarManagement.repository.MeetingStatusRepo defined in @EnableJpaRepositories declared on JpaRepositoriesRegistrar.EnableJpaRepositoriesConfiguration: Invocation of init method failed; nested exception is org.springframework.data.repository.query.QueryCreationException: Could not create query for public abstract java.util.List com.example.CalendarManagement.repository.MeetingStatusRepo.findMeetingDetailsByEmployeeIdAndDateRange(java.lang.Integer,java.time.LocalDate,java.time.LocalDate)! Reason: Validation failed for query for method public abstract java.util.List com.example.CalendarManagement.repository.MeetingStatusRepo.findMeetingDetailsByEmployeeIdAndDateRange(java.lang.Integer,java.time.LocalDate,java.time.LocalDate)!; nested exception is java.lang.IllegalArgumentException: Validation failed for query for method public abstract java.util.List com.example.CalendarManagement.repository.MeetingStatusRepo.findMeetingDetailsByEmployeeIdAndDateRange(java.lang.Integer,java.time.LocalDate,java.time.LocalDate)!
Caused by: org.springframework.data.repository.query.QueryCreationException: Could not create query for public abstract java.util.List com.example.CalendarManagement.repository.MeetingStatusRepo.findMeetingDetailsByEmployeeIdAndDateRange(java.lang.Integer,java.time.LocalDate,java.time.LocalDate)! Reason: Validation failed for query for method public abstract java.util.List com.example.CalendarManagement.repository.MeetingStatusRepo.findMeetingDetailsByEmployeeIdAndDateRange(java.lang.Integer,java.time.LocalDate,java.time.LocalDate)!; nested exception is java.lang.IllegalArgumentException: Validation failed for query for method public abstract java.util.List com.example.CalendarManagement.repository.MeetingStatusRepo.findMeetingDetailsByEmployeeIdAndDateRange(java.lang.Integer,java.time.LocalDate,java.time.LocalDate)!
Caused by: java.lang.IllegalArgumentException: Validation failed for query for method public abstract java.util.List com.example.CalendarManagement.repository.MeetingStatusRepo.findMeetingDetailsByEmployeeIdAndDateRange(java.lang.Integer,java.time.LocalDate,java.time.LocalDate)!
Caused by: java.lang.IllegalArgumentException: org.hibernate.hql.internal.ast.QuerySyntaxException: Unable to locate appropriate constructor on class [com.example.CalendarManagement.DTO.MeetingsDTO]. Expected arguments are: int, java.lang.String, java.lang.String, int, java.time.LocalDate, java.time.LocalTime, java.time.LocalTime, boolean [SELECT new com.example.CalendarManagement.DTO.MeetingsDTO( ms.meeting.id, ms.meeting.description, ms.meeting.agenda, ms.meeting.meetingRoom.roomId, ms.meeting.date, ms.meeting.startTime, ms.meeting.endTime, ms.meeting.isActive) FROM com.example.CalendarManagement.model.MeetingStatusModel ms WHERE ms.employee.id = :employeeId AND ms.meeting.date BETWEEN :fromDate AND :toDate]
Caused by: org.hibernate.hql.internal.ast.QuerySyntaxException: Unable to locate appropriate constructor on class [com.example.CalendarManagement.DTO.MeetingsDTO]. Expected arguments are: int, java.lang.String, java.lang.String, int, java.time.LocalDate, java.time.LocalTime, java.time.LocalTime, boolean [SELECT new com.example.CalendarManagement.DTO.MeetingsDTO( ms.meeting.id, ms.meeting.description, ms.meeting.agenda, ms.meeting.meetingRoom.roomId, ms.meeting.date, ms.meeting.startTime, ms.meeting.endTime, ms.meeting.isActive) FROM com.example.CalendarManagement.model.MeetingStatusModel ms WHERE ms.employee.id = :employeeId AND ms.meeting.date BETWEEN :fromDate AND :toDate]

adEmployee_givenInvalidEmailFormat_throwsException  Time elapsed: 0.001 s  <<< ERROR!
java.lang.IllegalStateException: Failed to load ApplicationContext
Caused by: org.springframework.beans.factory.UnsatisfiedDependencyException: Error creating bean with name 'employeeController': Unsatisfied dependency expressed through field 'service'; nested exception is org.springframework.beans.factory.UnsatisfiedDependencyException: Error creating bean with name 'employeeService': Unsatisfied dependency expressed through field 'meetingStatusRepo'; nested exception is org.springframework.beans.factory.BeanCreationException: Error creating bean with name 'meetingStatusRepo' defined in com.example.CalendarManagement.repository.MeetingStatusRepo defined in @EnableJpaRepositories declared on JpaRepositoriesRegistrar.EnableJpaRepositoriesConfiguration: Invocation of init method failed; nested exception is org.springframework.data.repository.query.QueryCreationException: Could not create query for public abstract java.util.List com.example.CalendarManagement.repository.MeetingStatusRepo.findMeetingDetailsByEmployeeIdAndDateRange(java.lang.Integer,java.time.LocalDate,java.time.LocalDate)! Reason: Validation failed for query for method public abstract java.util.List com.example.CalendarManagement.repository.MeetingStatusRepo.findMeetingDetailsByEmployeeIdAndDateRange(java.lang.Integer,java.time.LocalDate,java.time.LocalDate)!; nested exception is java.lang.IllegalArgumentException: Validation failed for query for method public abstract java.util.List com.example.CalendarManagement.repository.MeetingStatusRepo.findMeetingDetailsByEmployeeIdAndDateRange(java.lang.Integer,java.time.LocalDate,java.time.LocalDate)!
Caused by: org.springframework.beans.factory.UnsatisfiedDependencyException: Error creating bean with name 'employeeService': Unsatisfied dependency expressed through field 'meetingStatusRepo'; nested exception is org.springframework.beans.factory.BeanCreationException: Error creating bean with name 'meetingStatusRepo' defined in com.example.CalendarManagement.repository.MeetingStatusRepo defined in @EnableJpaRepositories declared on JpaRepositoriesRegistrar.EnableJpaRepositoriesConfiguration: Invocation of init method failed; nested exception is org.springframework.data.repository.query.QueryCreationException: Could not create query for public abstract java.util.List com.example.CalendarManagement.repository.MeetingStatusRepo.findMeetingDetailsByEmployeeIdAndDateRange(java.lang.Integer,java.time.LocalDate,java.time.LocalDate)! Reason: Validation failed for query for method public abstract java.util.List com.example.CalendarManagement.repository.MeetingStatusRepo.findMeetingDetailsByEmployeeIdAndDateRange(java.lang.Integer,java.time.LocalDate,java.time.LocalDate)!; nested exception is java.lang.IllegalArgumentException: Validation failed for query for method public abstract java.util.List com.example.CalendarManagement.repository.MeetingStatusRepo.findMeetingDetailsByEmployeeIdAndDateRange(java.lang.Integer,java.time.LocalDate,java.time.LocalDate)!
Caused by: org.springframework.beans.factory.BeanCreationException: Error creating bean with name 'meetingStatusRepo' defined in com.example.CalendarManagement.repository.MeetingStatusRepo defined in @EnableJpaRepositories declared on JpaRepositoriesRegistrar.EnableJpaRepositoriesConfiguration: Invocation of init method failed; nested exception is org.springframework.data.repository.query.QueryCreationException: Could not create query for public abstract java.util.List com.example.CalendarManagement.repository.MeetingStatusRepo.findMeetingDetailsByEmployeeIdAndDateRange(java.lang.Integer,java.time.LocalDate,java.time.LocalDate)! Reason: Validation failed for query for method public abstract java.util.List com.example.CalendarManagement.repository.MeetingStatusRepo.findMeetingDetailsByEmployeeIdAndDateRange(java.lang.Integer,java.time.LocalDate,java.time.LocalDate)!; nested exception is java.lang.IllegalArgumentException: Validation failed for query for method public abstract java.util.List com.example.CalendarManagement.repository.MeetingStatusRepo.findMeetingDetailsByEmployeeIdAndDateRange(java.lang.Integer,java.time.LocalDate,java.time.LocalDate)!
Caused by: org.springframework.data.repository.query.QueryCreationException: Could not create query for public abstract java.util.List com.example.CalendarManagement.repository.MeetingStatusRepo.findMeetingDetailsByEmployeeIdAndDateRange(java.lang.Integer,java.time.LocalDate,java.time.LocalDate)! Reason: Validation failed for query for method public abstract java.util.List com.example.CalendarManagement.repository.MeetingStatusRepo.findMeetingDetailsByEmployeeIdAndDateRange(java.lang.Integer,java.time.LocalDate,java.time.LocalDate)!; nested exception is java.lang.IllegalArgumentException: Validation failed for query for method public abstract java.util.List com.example.CalendarManagement.repository.MeetingStatusRepo.findMeetingDetailsByEmployeeIdAndDateRange(java.lang.Integer,java.time.LocalDate,java.time.LocalDate)!
Caused by: java.lang.IllegalArgumentException: Validation failed for query for method public abstract java.util.List com.example.CalendarManagement.repository.MeetingStatusRepo.findMeetingDetailsByEmployeeIdAndDateRange(java.lang.Integer,java.time.LocalDate,java.time.LocalDate)!
Caused by: java.lang.IllegalArgumentException: org.hibernate.hql.internal.ast.QuerySyntaxException: Unable to locate appropriate constructor on class [com.example.CalendarManagement.DTO.MeetingsDTO]. Expected arguments are: int, java.lang.String, java.lang.String, int, java.time.LocalDate, java.time.LocalTime, java.time.LocalTime, boolean [SELECT new com.example.CalendarManagement.DTO.MeetingsDTO( ms.meeting.id, ms.meeting.description, ms.meeting.agenda, ms.meeting.meetingRoom.roomId, ms.meeting.date, ms.meeting.startTime, ms.meeting.endTime, ms.meeting.isActive) FROM com.example.CalendarManagement.model.MeetingStatusModel ms WHERE ms.employee.id = :employeeId AND ms.meeting.date BETWEEN :fromDate AND :toDate]
Caused by: org.hibernate.hql.internal.ast.QuerySyntaxException: Unable to locate appropriate constructor on class [com.example.CalendarManagement.DTO.MeetingsDTO]. Expected arguments are: int, java.lang.String, java.lang.String, int, java.time.LocalDate, java.time.LocalTime, java.time.LocalTime, boolean [SELECT new com.example.CalendarManagement.DTO.MeetingsDTO( ms.meeting.id, ms.meeting.description, ms.meeting.agenda, ms.meeting.meetingRoom.roomId, ms.meeting.date, ms.meeting.startTime, ms.meeting.endTime, ms.meeting.isActive) FROM com.example.CalendarManagement.model.MeetingStatusModel ms WHERE ms.employee.id = :employeeId AND ms.meeting.date BETWEEN :fromDate AND :toDate]

testGetEmployeeById  Time elapsed: 0 s  <<< ERROR!
java.lang.IllegalStateException: Failed to load ApplicationContext
Caused by: org.springframework.beans.factory.UnsatisfiedDependencyException: Error creating bean with name 'employeeController': Unsatisfied dependency expressed through field 'service'; nested exception is org.springframework.beans.factory.UnsatisfiedDependencyException: Error creating bean with name 'employeeService': Unsatisfied dependency expressed through field 'meetingStatusRepo'; nested exception is org.springframework.beans.factory.BeanCreationException: Error creating bean with name 'meetingStatusRepo' defined in com.example.CalendarManagement.repository.MeetingStatusRepo defined in @EnableJpaRepositories declared on JpaRepositoriesRegistrar.EnableJpaRepositoriesConfiguration: Invocation of init method failed; nested exception is org.springframework.data.repository.query.QueryCreationException: Could not create query for public abstract java.util.List com.example.CalendarManagement.repository.MeetingStatusRepo.findMeetingDetailsByEmployeeIdAndDateRange(java.lang.Integer,java.time.LocalDate,java.time.LocalDate)! Reason: Validation failed for query for method public abstract java.util.List com.example.CalendarManagement.repository.MeetingStatusRepo.findMeetingDetailsByEmployeeIdAndDateRange(java.lang.Integer,java.time.LocalDate,java.time.LocalDate)!; nested exception is java.lang.IllegalArgumentException: Validation failed for query for method public abstract java.util.List com.example.CalendarManagement.repository.MeetingStatusRepo.findMeetingDetailsByEmployeeIdAndDateRange(java.lang.Integer,java.time.LocalDate,java.time.LocalDate)!
Caused by: org.springframework.beans.factory.UnsatisfiedDependencyException: Error creating bean with name 'employeeService': Unsatisfied dependency expressed through field 'meetingStatusRepo'; nested exception is org.springframework.beans.factory.BeanCreationException: Error creating bean with name 'meetingStatusRepo' defined in com.example.CalendarManagement.repository.MeetingStatusRepo defined in @EnableJpaRepositories declared on JpaRepositoriesRegistrar.EnableJpaRepositoriesConfiguration: Invocation of init method failed; nested exception is org.springframework.data.repository.query.QueryCreationException: Could not create query for public abstract java.util.List com.example.CalendarManagement.repository.MeetingStatusRepo.findMeetingDetailsByEmployeeIdAndDateRange(java.lang.Integer,java.time.LocalDate,java.time.LocalDate)! Reason: Validation failed for query for method public abstract java.util.List com.example.CalendarManagement.repository.MeetingStatusRepo.findMeetingDetailsByEmployeeIdAndDateRange(java.lang.Integer,java.time.LocalDate,java.time.LocalDate)!; nested exception is java.lang.IllegalArgumentException: Validation failed for query for method public abstract java.util.List com.example.CalendarManagement.repository.MeetingStatusRepo.findMeetingDetailsByEmployeeIdAndDateRange(java.lang.Integer,java.time.LocalDate,java.time.LocalDate)!
Caused by: org.springframework.beans.factory.BeanCreationException: Error creating bean with name 'meetingStatusRepo' defined in com.example.CalendarManagement.repository.MeetingStatusRepo defined in @EnableJpaRepositories declared on JpaRepositoriesRegistrar.EnableJpaRepositoriesConfiguration: Invocation of init method failed; nested exception is org.springframework.data.repository.query.QueryCreationException: Could not create query for public abstract java.util.List com.example.CalendarManagement.repository.MeetingStatusRepo.findMeetingDetailsByEmployeeIdAndDateRange(java.lang.Integer,java.time.LocalDate,java.time.LocalDate)! Reason: Validation failed for query for method public abstract java.util.List com.example.CalendarManagement.repository.MeetingStatusRepo.findMeetingDetailsByEmployeeIdAndDateRange(java.lang.Integer,java.time.LocalDate,java.time.LocalDate)!; nested exception is java.lang.IllegalArgumentException: Validation failed for query for method public abstract java.util.List com.example.CalendarManagement.repository.MeetingStatusRepo.findMeetingDetailsByEmployeeIdAndDateRange(java.lang.Integer,java.time.LocalDate,java.time.LocalDate)!
Caused by: org.springframework.data.repository.query.QueryCreationException: Could not create query for public abstract java.util.List com.example.CalendarManagement.repository.MeetingStatusRepo.findMeetingDetailsByEmployeeIdAndDateRange(java.lang.Integer,java.time.LocalDate,java.time.LocalDate)! Reason: Validation failed for query for method public abstract java.util.List com.example.CalendarManagement.repository.MeetingStatusRepo.findMeetingDetailsByEmployeeIdAndDateRange(java.lang.Integer,java.time.LocalDate,java.time.LocalDate)!; nested exception is java.lang.IllegalArgumentException: Validation failed for query for method public abstract java.util.List com.example.CalendarManagement.repository.MeetingStatusRepo.findMeetingDetailsByEmployeeIdAndDateRange(java.lang.Integer,java.time.LocalDate,java.time.LocalDate)!
Caused by: java.lang.IllegalArgumentException: Validation failed for query for method public abstract java.util.List com.example.CalendarManagement.repository.MeetingStatusRepo.findMeetingDetailsByEmployeeIdAndDateRange(java.lang.Integer,java.time.LocalDate,java.time.LocalDate)!
Caused by: java.lang.IllegalArgumentException: org.hibernate.hql.internal.ast.QuerySyntaxException: Unable to locate appropriate constructor on class [com.example.CalendarManagement.DTO.MeetingsDTO]. Expected arguments are: int, java.lang.String, java.lang.String, int, java.time.LocalDate, java.time.LocalTime, java.time.LocalTime, boolean [SELECT new com.example.CalendarManagement.DTO.MeetingsDTO( ms.meeting.id, ms.meeting.description, ms.meeting.agenda, ms.meeting.meetingRoom.roomId, ms.meeting.date, ms.meeting.startTime, ms.meeting.endTime, ms.meeting.isActive) FROM com.example.CalendarManagement.model.MeetingStatusModel ms WHERE ms.employee.id = :employeeId AND ms.meeting.date BETWEEN :fromDate AND :toDate]
Caused by: org.hibernate.hql.internal.ast.QuerySyntaxException: Unable to locate appropriate constructor on class [com.example.CalendarManagement.DTO.MeetingsDTO]. Expected arguments are: int, java.lang.String, java.lang.String, int, java.time.LocalDate, java.time.LocalTime, java.time.LocalTime, boolean [SELECT new com.example.CalendarManagement.DTO.MeetingsDTO( ms.meeting.id, ms.meeting.description, ms.meeting.agenda, ms.meeting.meetingRoom.roomId, ms.meeting.date, ms.meeting.startTime, ms.meeting.endTime, ms.meeting.isActive) FROM com.example.CalendarManagement.model.MeetingStatusModel ms WHERE ms.employee.id = :employeeId AND ms.meeting.date BETWEEN :fromDate AND :toDate]

addEmployee_givenEmployeeDetails_createEmployee  Time elapsed: 0 s  <<< ERROR!
java.lang.IllegalStateException: Failed to load ApplicationContext
Caused by: org.springframework.beans.factory.UnsatisfiedDependencyException: Error creating bean with name 'employeeController': Unsatisfied dependency expressed through field 'service'; nested exception is org.springframework.beans.factory.UnsatisfiedDependencyException: Error creating bean with name 'employeeService': Unsatisfied dependency expressed through field 'meetingStatusRepo'; nested exception is org.springframework.beans.factory.BeanCreationException: Error creating bean with name 'meetingStatusRepo' defined in com.example.CalendarManagement.repository.MeetingStatusRepo defined in @EnableJpaRepositories declared on JpaRepositoriesRegistrar.EnableJpaRepositoriesConfiguration: Invocation of init method failed; nested exception is org.springframework.data.repository.query.QueryCreationException: Could not create query for public abstract java.util.List com.example.CalendarManagement.repository.MeetingStatusRepo.findMeetingDetailsByEmployeeIdAndDateRange(java.lang.Integer,java.time.LocalDate,java.time.LocalDate)! Reason: Validation failed for query for method public abstract java.util.List com.example.CalendarManagement.repository.MeetingStatusRepo.findMeetingDetailsByEmployeeIdAndDateRange(java.lang.Integer,java.time.LocalDate,java.time.LocalDate)!; nested exception is java.lang.IllegalArgumentException: Validation failed for query for method public abstract java.util.List com.example.CalendarManagement.repository.MeetingStatusRepo.findMeetingDetailsByEmployeeIdAndDateRange(java.lang.Integer,java.time.LocalDate,java.time.LocalDate)!
Caused by: org.springframework.beans.factory.UnsatisfiedDependencyException: Error creating bean with name 'employeeService': Unsatisfied dependency expressed through field 'meetingStatusRepo'; nested exception is org.springframework.beans.factory.BeanCreationException: Error creating bean with name 'meetingStatusRepo' defined in com.example.CalendarManagement.repository.MeetingStatusRepo defined in @EnableJpaRepositories declared on JpaRepositoriesRegistrar.EnableJpaRepositoriesConfiguration: Invocation of init method failed; nested exception is org.springframework.data.repository.query.QueryCreationException: Could not create query for public abstract java.util.List com.example.CalendarManagement.repository.MeetingStatusRepo.findMeetingDetailsByEmployeeIdAndDateRange(java.lang.Integer,java.time.LocalDate,java.time.LocalDate)! Reason: Validation failed for query for method public abstract java.util.List com.example.CalendarManagement.repository.MeetingStatusRepo.findMeetingDetailsByEmployeeIdAndDateRange(java.lang.Integer,java.time.LocalDate,java.time.LocalDate)!; nested exception is java.lang.IllegalArgumentException: Validation failed for query for method public abstract java.util.List com.example.CalendarManagement.repository.MeetingStatusRepo.findMeetingDetailsByEmployeeIdAndDateRange(java.lang.Integer,java.time.LocalDate,java.time.LocalDate)!
Caused by: org.springframework.beans.factory.BeanCreationException: Error creating bean with name 'meetingStatusRepo' defined in com.example.CalendarManagement.repository.MeetingStatusRepo defined in @EnableJpaRepositories declared on JpaRepositoriesRegistrar.EnableJpaRepositoriesConfiguration: Invocation of init method failed; nested exception is org.springframework.data.repository.query.QueryCreationException: Could not create query for public abstract java.util.List com.example.CalendarManagement.repository.MeetingStatusRepo.findMeetingDetailsByEmployeeIdAndDateRange(java.lang.Integer,java.time.LocalDate,java.time.LocalDate)! Reason: Validation failed for query for method public abstract java.util.List com.example.CalendarManagement.repository.MeetingStatusRepo.findMeetingDetailsByEmployeeIdAndDateRange(java.lang.Integer,java.time.LocalDate,java.time.LocalDate)!; nested exception is java.lang.IllegalArgumentException: Validation failed for query for method public abstract java.util.List com.example.CalendarManagement.repository.MeetingStatusRepo.findMeetingDetailsByEmployeeIdAndDateRange(java.lang.Integer,java.time.LocalDate,java.time.LocalDate)!
Caused by: org.springframework.data.repository.query.QueryCreationException: Could not create query for public abstract java.util.List com.example.CalendarManagement.repository.MeetingStatusRepo.findMeetingDetailsByEmployeeIdAndDateRange(java.lang.Integer,java.time.LocalDate,java.time.LocalDate)! Reason: Validation failed for query for method public abstract java.util.List com.example.CalendarManagement.repository.MeetingStatusRepo.findMeetingDetailsByEmployeeIdAndDateRange(java.lang.Integer,java.time.LocalDate,java.time.LocalDate)!; nested exception is java.lang.IllegalArgumentException: Validation failed for query for method public abstract java.util.List com.example.CalendarManagement.repository.MeetingStatusRepo.findMeetingDetailsByEmployeeIdAndDateRange(java.lang.Integer,java.time.LocalDate,java.time.LocalDate)!
Caused by: java.lang.IllegalArgumentException: Validation failed for query for method public abstract java.util.List com.example.CalendarManagement.repository.MeetingStatusRepo.findMeetingDetailsByEmployeeIdAndDateRange(java.lang.Integer,java.time.LocalDate,java.time.LocalDate)!
Caused by: java.lang.IllegalArgumentException: org.hibernate.hql.internal.ast.QuerySyntaxException: Unable to locate appropriate constructor on class [com.example.CalendarManagement.DTO.MeetingsDTO]. Expected arguments are: int, java.lang.String, java.lang.String, int, java.time.LocalDate, java.time.LocalTime, java.time.LocalTime, boolean [SELECT new com.example.CalendarManagement.DTO.MeetingsDTO( ms.meeting.id, ms.meeting.description, ms.meeting.agenda, ms.meeting.meetingRoom.roomId, ms.meeting.date, ms.meeting.startTime, ms.meeting.endTime, ms.meeting.isActive) FROM com.example.CalendarManagement.model.MeetingStatusModel ms WHERE ms.employee.id = :employeeId AND ms.meeting.date BETWEEN :fromDate AND :toDate]
Caused by: org.hibernate.hql.internal.ast.QuerySyntaxException: Unable to locate appropriate constructor on class [com.example.CalendarManagement.DTO.MeetingsDTO]. Expected arguments are: int, java.lang.String, java.lang.String, int, java.time.LocalDate, java.time.LocalTime, java.time.LocalTime, boolean [SELECT new com.example.CalendarManagement.DTO.MeetingsDTO( ms.meeting.id, ms.meeting.description, ms.meeting.agenda, ms.meeting.meetingRoom.roomId, ms.meeting.date, ms.meeting.startTime, ms.meeting.endTime, ms.meeting.isActive) FROM com.example.CalendarManagement.model.MeetingStatusModel ms WHERE ms.employee.id = :employeeId AND ms.meeting.date BETWEEN :fromDate AND :toDate]

getEmployees_returndsEmployeeDetails  Time elapsed: 0 s  <<< ERROR!
java.lang.IllegalStateException: Failed to load ApplicationContext
Caused by: org.springframework.beans.factory.UnsatisfiedDependencyException: Error creating bean with name 'employeeController': Unsatisfied dependency expressed through field 'service'; nested exception is org.springframework.beans.factory.UnsatisfiedDependencyException: Error creating bean with name 'employeeService': Unsatisfied dependency expressed through field 'meetingStatusRepo'; nested exception is org.springframework.beans.factory.BeanCreationException: Error creating bean with name 'meetingStatusRepo' defined in com.example.CalendarManagement.repository.MeetingStatusRepo defined in @EnableJpaRepositories declared on JpaRepositoriesRegistrar.EnableJpaRepositoriesConfiguration: Invocation of init method failed; nested exception is org.springframework.data.repository.query.QueryCreationException: Could not create query for public abstract java.util.List com.example.CalendarManagement.repository.MeetingStatusRepo.findMeetingDetailsByEmployeeIdAndDateRange(java.lang.Integer,java.time.LocalDate,java.time.LocalDate)! Reason: Validation failed for query for method public abstract java.util.List com.example.CalendarManagement.repository.MeetingStatusRepo.findMeetingDetailsByEmployeeIdAndDateRange(java.lang.Integer,java.time.LocalDate,java.time.LocalDate)!; nested exception is java.lang.IllegalArgumentException: Validation failed for query for method public abstract java.util.List com.example.CalendarManagement.repository.MeetingStatusRepo.findMeetingDetailsByEmployeeIdAndDateRange(java.lang.Integer,java.time.LocalDate,java.time.LocalDate)!
Caused by: org.springframework.beans.factory.UnsatisfiedDependencyException: Error creating bean with name 'employeeService': Unsatisfied dependency expressed through field 'meetingStatusRepo'; nested exception is org.springframework.beans.factory.BeanCreationException: Error creating bean with name 'meetingStatusRepo' defined in com.example.CalendarManagement.repository.MeetingStatusRepo defined in @EnableJpaRepositories declared on JpaRepositoriesRegistrar.EnableJpaRepositoriesConfiguration: Invocation of init method failed; nested exception is org.springframework.data.repository.query.QueryCreationException: Could not create query for public abstract java.util.List com.example.CalendarManagement.repository.MeetingStatusRepo.findMeetingDetailsByEmployeeIdAndDateRange(java.lang.Integer,java.time.LocalDate,java.time.LocalDate)! Reason: Validation failed for query for method public abstract java.util.List com.example.CalendarManagement.repository.MeetingStatusRepo.findMeetingDetailsByEmployeeIdAndDateRange(java.lang.Integer,java.time.LocalDate,java.time.LocalDate)!; nested exception is java.lang.IllegalArgumentException: Validation failed for query for method public abstract java.util.List com.example.CalendarManagement.repository.MeetingStatusRepo.findMeetingDetailsByEmployeeIdAndDateRange(java.lang.Integer,java.time.LocalDate,java.time.LocalDate)!
Caused by: org.springframework.beans.factory.BeanCreationException: Error creating bean with name 'meetingStatusRepo' defined in com.example.CalendarManagement.repository.MeetingStatusRepo defined in @EnableJpaRepositories declared on JpaRepositoriesRegistrar.EnableJpaRepositoriesConfiguration: Invocation of init method failed; nested exception is org.springframework.data.repository.query.QueryCreationException: Could not create query for public abstract java.util.List com.example.CalendarManagement.repository.MeetingStatusRepo.findMeetingDetailsByEmployeeIdAndDateRange(java.lang.Integer,java.time.LocalDate,java.time.LocalDate)! Reason: Validation failed for query for method public abstract java.util.List com.example.CalendarManagement.repository.MeetingStatusRepo.findMeetingDetailsByEmployeeIdAndDateRange(java.lang.Integer,java.time.LocalDate,java.time.LocalDate)!; nested exception is java.lang.IllegalArgumentException: Validation failed for query for method public abstract java.util.List com.example.CalendarManagement.repository.MeetingStatusRepo.findMeetingDetailsByEmployeeIdAndDateRange(java.lang.Integer,java.time.LocalDate,java.time.LocalDate)!
Caused by: org.springframework.data.repository.query.QueryCreationException: Could not create query for public abstract java.util.List com.example.CalendarManagement.repository.MeetingStatusRepo.findMeetingDetailsByEmployeeIdAndDateRange(java.lang.Integer,java.time.LocalDate,java.time.LocalDate)! Reason: Validation failed for query for method public abstract java.util.List com.example.CalendarManagement.repository.MeetingStatusRepo.findMeetingDetailsByEmployeeIdAndDateRange(java.lang.Integer,java.time.LocalDate,java.time.LocalDate)!; nested exception is java.lang.IllegalArgumentException: Validation failed for query for method public abstract java.util.List com.example.CalendarManagement.repository.MeetingStatusRepo.findMeetingDetailsByEmployeeIdAndDateRange(java.lang.Integer,java.time.LocalDate,java.time.LocalDate)!
Caused by: java.lang.IllegalArgumentException: Validation failed for query for method public abstract java.util.List com.example.CalendarManagement.repository.MeetingStatusRepo.findMeetingDetailsByEmployeeIdAndDateRange(java.lang.Integer,java.time.LocalDate,java.time.LocalDate)!
Caused by: java.lang.IllegalArgumentException: org.hibernate.hql.internal.ast.QuerySyntaxException: Unable to locate appropriate constructor on class [com.example.CalendarManagement.DTO.MeetingsDTO]. Expected arguments are: int, java.lang.String, java.lang.String, int, java.time.LocalDate, java.time.LocalTime, java.time.LocalTime, boolean [SELECT new com.example.CalendarManagement.DTO.MeetingsDTO( ms.meeting.id, ms.meeting.description, ms.meeting.agenda, ms.meeting.meetingRoom.roomId, ms.meeting.date, ms.meeting.startTime, ms.meeting.endTime, ms.meeting.isActive) FROM com.example.CalendarManagement.model.MeetingStatusModel ms WHERE ms.employee.id = :employeeId AND ms.meeting.date BETWEEN :fromDate AND :toDate]
Caused by: org.hibernate.hql.internal.ast.QuerySyntaxException: Unable to locate appropriate constructor on class [com.example.CalendarManagement.DTO.MeetingsDTO]. Expected arguments are: int, java.lang.String, java.lang.String, int, java.time.LocalDate, java.time.LocalTime, java.time.LocalTime, boolean [SELECT new com.example.CalendarManagement.DTO.MeetingsDTO( ms.meeting.id, ms.meeting.description, ms.meeting.agenda, ms.meeting.meetingRoom.roomId, ms.meeting.date, ms.meeting.startTime, ms.meeting.endTime, ms.meeting.isActive) FROM com.example.CalendarManagement.model.MeetingStatusModel ms WHERE ms.employee.id = :employeeId AND ms.meeting.date BETWEEN :fromDate AND :toDate]

testGetEmployeeByIdNotFound  Time elapsed: 0 s  <<< ERROR!
java.lang.IllegalStateException: Failed to load ApplicationContext
Caused by: org.springframework.beans.factory.UnsatisfiedDependencyException: Error creating bean with name 'employeeController': Unsatisfied dependency expressed through field 'service'; nested exception is org.springframework.beans.factory.UnsatisfiedDependencyException: Error creating bean with name 'employeeService': Unsatisfied dependency expressed through field 'meetingStatusRepo'; nested exception is org.springframework.beans.factory.BeanCreationException: Error creating bean with name 'meetingStatusRepo' defined in com.example.CalendarManagement.repository.MeetingStatusRepo defined in @EnableJpaRepositories declared on JpaRepositoriesRegistrar.EnableJpaRepositoriesConfiguration: Invocation of init method failed; nested exception is org.springframework.data.repository.query.QueryCreationException: Could not create query for public abstract java.util.List com.example.CalendarManagement.repository.MeetingStatusRepo.findMeetingDetailsByEmployeeIdAndDateRange(java.lang.Integer,java.time.LocalDate,java.time.LocalDate)! Reason: Validation failed for query for method public abstract java.util.List com.example.CalendarManagement.repository.MeetingStatusRepo.findMeetingDetailsByEmployeeIdAndDateRange(java.lang.Integer,java.time.LocalDate,java.time.LocalDate)!; nested exception is java.lang.IllegalArgumentException: Validation failed for query for method public abstract java.util.List com.example.CalendarManagement.repository.MeetingStatusRepo.findMeetingDetailsByEmployeeIdAndDateRange(java.lang.Integer,java.time.LocalDate,java.time.LocalDate)!
Caused by: org.springframework.beans.factory.UnsatisfiedDependencyException: Error creating bean with name 'employeeService': Unsatisfied dependency expressed through field 'meetingStatusRepo'; nested exception is org.springframework.beans.factory.BeanCreationException: Error creating bean with name 'meetingStatusRepo' defined in com.example.CalendarManagement.repository.MeetingStatusRepo defined in @EnableJpaRepositories declared on JpaRepositoriesRegistrar.EnableJpaRepositoriesConfiguration: Invocation of init method failed; nested exception is org.springframework.data.repository.query.QueryCreationException: Could not create query for public abstract java.util.List com.example.CalendarManagement.repository.MeetingStatusRepo.findMeetingDetailsByEmployeeIdAndDateRange(java.lang.Integer,java.time.LocalDate,java.time.LocalDate)! Reason: Validation failed for query for method public abstract java.util.List com.example.CalendarManagement.repository.MeetingStatusRepo.findMeetingDetailsByEmployeeIdAndDateRange(java.lang.Integer,java.time.LocalDate,java.time.LocalDate)!; nested exception is java.lang.IllegalArgumentException: Validation failed for query for method public abstract java.util.List com.example.CalendarManagement.repository.MeetingStatusRepo.findMeetingDetailsByEmployeeIdAndDateRange(java.lang.Integer,java.time.LocalDate,java.time.LocalDate)!
Caused by: org.springframework.beans.factory.BeanCreationException: Error creating bean with name 'meetingStatusRepo' defined in com.example.CalendarManagement.repository.MeetingStatusRepo defined in @EnableJpaRepositories declared on JpaRepositoriesRegistrar.EnableJpaRepositoriesConfiguration: Invocation of init method failed; nested exception is org.springframework.data.repository.query.QueryCreationException: Could not create query for public abstract java.util.List com.example.CalendarManagement.repository.MeetingStatusRepo.findMeetingDetailsByEmployeeIdAndDateRange(java.lang.Integer,java.time.LocalDate,java.time.LocalDate)! Reason: Validation failed for query for method public abstract java.util.List com.example.CalendarManagement.repository.MeetingStatusRepo.findMeetingDetailsByEmployeeIdAndDateRange(java.lang.Integer,java.time.LocalDate,java.time.LocalDate)!; nested exception is java.lang.IllegalArgumentException: Validation failed for query for method public abstract java.util.List com.example.CalendarManagement.repository.MeetingStatusRepo.findMeetingDetailsByEmployeeIdAndDateRange(java.lang.Integer,java.time.LocalDate,java.time.LocalDate)!
Caused by: org.springframework.data.repository.query.QueryCreationException: Could not create query for public abstract java.util.List com.example.CalendarManagement.repository.MeetingStatusRepo.findMeetingDetailsByEmployeeIdAndDateRange(java.lang.Integer,java.time.LocalDate,java.time.LocalDate)! Reason: Validation failed for query for method public abstract java.util.List com.example.CalendarManagement.repository.MeetingStatusRepo.findMeetingDetailsByEmployeeIdAndDateRange(java.lang.Integer,java.time.LocalDate,java.time.LocalDate)!; nested exception is java.lang.IllegalArgumentException: Validation failed for query for method public abstract java.util.List com.example.CalendarManagement.repository.MeetingStatusRepo.findMeetingDetailsByEmployeeIdAndDateRange(java.lang.Integer,java.time.LocalDate,java.time.LocalDate)!
Caused by: java.lang.IllegalArgumentException: Validation failed for query for method public abstract java.util.List com.example.CalendarManagement.repository.MeetingStatusRepo.findMeetingDetailsByEmployeeIdAndDateRange(java.lang.Integer,java.time.LocalDate,java.time.LocalDate)!
Caused by: java.lang.IllegalArgumentException: org.hibernate.hql.internal.ast.QuerySyntaxException: Unable to locate appropriate constructor on class [com.example.CalendarManagement.DTO.MeetingsDTO]. Expected arguments are: int, java.lang.String, java.lang.String, int, java.time.LocalDate, java.time.LocalTime, java.time.LocalTime, boolean [SELECT new com.example.CalendarManagement.DTO.MeetingsDTO( ms.meeting.id, ms.meeting.description, ms.meeting.agenda, ms.meeting.meetingRoom.roomId, ms.meeting.date, ms.meeting.startTime, ms.meeting.endTime, ms.meeting.isActive) FROM com.example.CalendarManagement.model.MeetingStatusModel ms WHERE ms.employee.id = :employeeId AND ms.meeting.date BETWEEN :fromDate AND :toDate]
Caused by: org.hibernate.hql.internal.ast.QuerySyntaxException: Unable to locate appropriate constructor on class [com.example.CalendarManagement.DTO.MeetingsDTO]. Expected arguments are: int, java.lang.String, java.lang.String, int, java.time.LocalDate, java.time.LocalTime, java.time.LocalTime, boolean [SELECT new com.example.CalendarManagement.DTO.MeetingsDTO( ms.meeting.id, ms.meeting.description, ms.meeting.agenda, ms.meeting.meetingRoom.roomId, ms.meeting.date, ms.meeting.startTime, ms.meeting.endTime, ms.meeting.isActive) FROM com.example.CalendarManagement.model.MeetingStatusModel ms WHERE ms.employee.id = :employeeId AND ms.meeting.date BETWEEN :fromDate AND :toDate]

