-------------------------------------------------------------------------------
Test set: com.example.CalendarManagement.controller.OfficeControllerIntegrationTest
-------------------------------------------------------------------------------
Tests run: 4, Failures: 0, Errors: 4, Skipped: 0, Time elapsed: 80.11 s <<< FAILURE! - in com.example.CalendarManagement.controller.OfficeControllerIntegrationTest
testCreateOffice  Time elapsed: 0 s  <<< ERROR!
java.lang.IllegalStateException: Failed to load ApplicationContext
Caused by: org.springframework.beans.factory.BeanDefinitionStoreException: Failed to process import candidates for configuration class [org.springframework.boot.test.context.ImportsContextCustomizer$ImportsConfiguration]; nested exception is java.io.FileNotFoundException: class path resource [com/example/CalendarManagement/controller/OfficeControllerIntegrationTest.class] cannot be opened because it does not exist
Caused by: java.io.FileNotFoundException: class path resource [com/example/CalendarManagement/controller/OfficeControllerIntegrationTest.class] cannot be opened because it does not exist

testGetOfficeByName  Time elapsed: 0 s  <<< ERROR!
java.lang.IllegalStateException: Failed to load ApplicationContext
Caused by: org.springframework.beans.factory.BeanDefinitionStoreException: Failed to process import candidates for configuration class [org.springframework.boot.test.context.ImportsContextCustomizer$ImportsConfiguration]; nested exception is java.io.FileNotFoundException: class path resource [com/example/CalendarManagement/controller/OfficeControllerIntegrationTest.class] cannot be opened because it does not exist
Caused by: java.io.FileNotFoundException: class path resource [com/example/CalendarManagement/controller/OfficeControllerIntegrationTest.class] cannot be opened because it does not exist

testDeleteOffice  Time elapsed: 0 s  <<< ERROR!
java.lang.IllegalStateException: Failed to load ApplicationContext
Caused by: org.springframework.beans.factory.BeanDefinitionStoreException: Failed to process import candidates for configuration class [org.springframework.boot.test.context.ImportsContextCustomizer$ImportsConfiguration]; nested exception is java.io.FileNotFoundException: class path resource [com/example/CalendarManagement/controller/OfficeControllerIntegrationTest.class] cannot be opened because it does not exist
Caused by: java.io.FileNotFoundException: class path resource [com/example/CalendarManagement/controller/OfficeControllerIntegrationTest.class] cannot be opened because it does not exist

testGetAllOffices  Time elapsed: 0 s  <<< ERROR!
java.lang.IllegalStateException: Failed to load ApplicationContext
Caused by: org.springframework.beans.factory.BeanDefinitionStoreException: Failed to process import candidates for configuration class [org.springframework.boot.test.context.ImportsContextCustomizer$ImportsConfiguration]; nested exception is java.io.FileNotFoundException: class path resource [com/example/CalendarManagement/controller/OfficeControllerIntegrationTest.class] cannot be opened because it does not exist
Caused by: java.io.FileNotFoundException: class path resource [com/example/CalendarManagement/controller/OfficeControllerIntegrationTest.class] cannot be opened because it does not exist

